<!DOCTYPE html PUBLIC "-//W3C//DTD XHTML 1.1//EN" "http://www.w3.org/TR/xhtml11/DTD/xhtml11.dtd">
<html xmlns="http://www.w3.org/1999/xhtml"><head><title>TestNG Report</title><style type="text/css">table {margin-bottom:10px;border-collapse:collapse;empty-cells:show}th,td {border:1px solid #009;padding:.25em .5em}th {vertical-align:bottom}td {vertical-align:top}table a {font-weight:bold}.stripe td {background-color: #E6EBF9}.num {text-align:right}.passedodd td {background-color: #3F3}.passedeven td {background-color: #0A0}.skippedodd td {background-color: #DDD}.skippedeven td {background-color: #CCC}.failedodd td,.attn {background-color: #F33}.failedeven td,.stripe .attn {background-color: #D00}.stacktrace {white-space:pre;font-family:monospace}.totop {font-size:85%;text-align:center;border-bottom:2px solid #000}</style></head><body><table><tr><th>Test</th><th># Passed</th><th># Skipped</th><th># Failed</th><th>Time (ms)</th><th>Included Groups</th><th>Excluded Groups</th></tr><tr><th colspan="7">Default suite</th></tr><tr><td><a href="#t0">Default test</a></td><td class="num">0</td><td class="num attn">13</td><td class="num">0</td><td class="num">45</td><td></td><td></td></tr></table><table><thead><tr><th>Class</th><th>Method</th><th>Start</th><th>Time (ms)</th></tr></thead><tbody><tr><th colspan="4">Default suite</th></tr></tbody><tbody id="t0"><tr><th colspan="4">Default test &#8212; failed (configuration methods)</th></tr><tr class="failedeven"><td rowspan="1">aceCounterPlus.adminManage</td><td><a href="#m0">beforeTest</a></td><td rowspan="1">1517908622533</td><td rowspan="1">0</td></tr><tr class="failedodd"><td rowspan="1">aceCounterPlus.backOffice</td><td><a href="#m1">beforeTest</a></td><td rowspan="1">1517908622500</td><td rowspan="1">0</td></tr><tr class="failedeven"><td rowspan="1">aceCounterPlus.frontPage</td><td><a href="#m2">beforeTest</a></td><td rowspan="1">1517908622525</td><td rowspan="1">0</td></tr><tr class="failedodd"><td rowspan="1">aceCounterPlus.linkCheck</td><td><a href="#m3">beforeTest</a></td><td rowspan="1">1517908622529</td><td rowspan="1">0</td></tr><tr class="failedeven"><td rowspan="1">aceCounterPlus.signUp</td><td><a href="#m4">beforeTest</a></td><td rowspan="1">1517908622537</td><td rowspan="1">0</td></tr><tr><th colspan="4">Default test &#8212; skipped (configuration methods)</th></tr><tr class="skippedeven"><td rowspan="1">aceCounterPlus.adminManage</td><td><a href="#m5">afterTest</a></td><td rowspan="1">1517908622537</td><td rowspan="1">0</td></tr><tr class="skippedodd"><td rowspan="1">aceCounterPlus.backOffice</td><td><a href="#m6">afterTest</a></td><td rowspan="1">1517908622523</td><td rowspan="1">0</td></tr><tr class="skippedeven"><td rowspan="1">aceCounterPlus.frontPage</td><td><a href="#m7">afterTest</a></td><td rowspan="1">1517908622529</td><td rowspan="1">0</td></tr><tr class="skippedodd"><td rowspan="1">aceCounterPlus.linkCheck</td><td><a href="#m8">afterTest</a></td><td rowspan="1">1517908622533</td><td rowspan="1">0</td></tr><tr class="skippedeven"><td rowspan="1">aceCounterPlus.signUp</td><td><a href="#m9">afterTest</a></td><td rowspan="1">1517908622540</td><td rowspan="1">0</td></tr><tr><th colspan="4">Default test &#8212; skipped</th></tr><tr class="skippedeven"><td rowspan="1">aceCounterPlus.adminManage</td><td><a href="#m10">memoTest</a></td><td rowspan="1">1517908622535</td><td rowspan="1">1</td></tr><tr class="skippedodd"><td rowspan="7">aceCounterPlus.backOffice</td><td><a href="#m11">comApply</a></td><td rowspan="1">1517908622516</td><td rowspan="1">1</td></tr><tr class="skippedodd"><td><a href="#m12">comPayment</a></td><td rowspan="1">1517908622518</td><td rowspan="1">0</td></tr><tr class="skippedodd"><td><a href="#m13">contents</a></td><td rowspan="1">1517908622521</td><td rowspan="1">1</td></tr><tr class="skippedodd"><td><a href="#m14">login</a></td><td rowspan="1">1517908622511</td><td rowspan="1">3</td></tr><tr class="skippedodd"><td><a href="#m15">monitoring</a></td><td rowspan="1">1517908622520</td><td rowspan="1">0</td></tr><tr class="skippedodd"><td><a href="#m16">regCustomer</a></td><td rowspan="1">1517908622519</td><td rowspan="1">0</td></tr><tr class="skippedodd"><td><a href="#m17">setting</a></td><td rowspan="1">1517908622522</td><td rowspan="1">1</td></tr><tr class="skippedeven"><td rowspan="2">aceCounterPlus.frontPage</td><td><a href="#m18">login</a></td><td rowspan="1">1517908622526</td><td rowspan="1">1</td></tr><tr class="skippedeven"><td><a href="#m19">product</a></td><td rowspan="1">1517908622528</td><td rowspan="1">0</td></tr><tr class="skippedodd"><td rowspan="2">aceCounterPlus.linkCheck</td><td><a href="#m20">linkCheck</a></td><td rowspan="1">1517908622532</td><td rowspan="1">0</td></tr><tr class="skippedodd"><td><a href="#m21">login</a></td><td rowspan="1">1517908622531</td><td rowspan="1">0</td></tr><tr class="skippedeven"><td rowspan="1">aceCounterPlus.signUp</td><td><a href="#m22">login</a></td><td rowspan="1">1517908622538</td><td rowspan="1">1</td></tr></tbody></table><h2>Default test</h2><h3 id="m0">aceCounterPlus.adminManage#beforeTest</h3><table class="result"><tr><th>Exception</th></tr><tr><td><div class="stacktrace">org.testng.TestNGException: 
Parameter &apos;browser&apos; is required by @Configuration on method beforeTest but has not been marked @Optional or defined
in C:\Users\최영권\AppData\Local\Temp\testng-eclipse-1674421675\testng-customsuite.xml
	at org.testng.internal.Parameters.createParameters(Parameters.java:154)
	at org.testng.internal.Parameters.createParameters(Parameters.java:361)
	at org.testng.internal.Parameters.createConfigurationParameters(Parameters.java:84)
	at org.testng.internal.Invoker.invokeConfigurations(Invoker.java:201)
	at org.testng.internal.Invoker.invokeConfigurations(Invoker.java:142)
	at org.testng.internal.TestMethodWorker.invokeBeforeClassMethods(TestMethodWorker.java:178)
	at org.testng.internal.TestMethodWorker.run(TestMethodWorker.java:108)
	at org.testng.TestRunner.privateRun(TestRunner.java:782)
	at org.testng.TestRunner.run(TestRunner.java:632)
	at org.testng.SuiteRunner.runTest(SuiteRunner.java:366)
	at org.testng.SuiteRunner.runSequentially(SuiteRunner.java:361)
	at org.testng.SuiteRunner.privateRun(SuiteRunner.java:319)
	at org.testng.SuiteRunner.run(SuiteRunner.java:268)
	at org.testng.SuiteRunnerWorker.runSuite(SuiteRunnerWorker.java:52)
	at org.testng.SuiteRunnerWorker.run(SuiteRunnerWorker.java:86)
	at org.testng.TestNG.runSuitesSequentially(TestNG.java:1244)
	at org.testng.TestNG.runSuitesLocally(TestNG.java:1169)
	at org.testng.TestNG.run(TestNG.java:1064)
	at org.testng.remote.AbstractRemoteTestNG.run(AbstractRemoteTestNG.java:114)
	at org.testng.remote.RemoteTestNG.initAndRun(RemoteTestNG.java:251)
	at org.testng.remote.RemoteTestNG.main(RemoteTestNG.java:77)
</div></td></tr></table><p class="totop"><a href="#summary">back to summary</a></p><h3 id="m1">aceCounterPlus.backOffice#beforeTest</h3><table class="result"><tr><th>Exception</th></tr><tr><td><div class="stacktrace">org.testng.TestNGException: 
Parameter &apos;browser&apos; is required by @Configuration on method beforeTest but has not been marked @Optional or defined
in C:\Users\최영권\AppData\Local\Temp\testng-eclipse-1674421675\testng-customsuite.xml
	at org.testng.internal.Parameters.createParameters(Parameters.java:154)
	at org.testng.internal.Parameters.createParameters(Parameters.java:361)
	at org.testng.internal.Parameters.createConfigurationParameters(Parameters.java:84)
	at org.testng.internal.Invoker.invokeConfigurations(Invoker.java:201)
	at org.testng.internal.Invoker.invokeConfigurations(Invoker.java:142)
	at org.testng.internal.TestMethodWorker.invokeBeforeClassMethods(TestMethodWorker.java:178)
	at org.testng.internal.TestMethodWorker.run(TestMethodWorker.java:108)
	at org.testng.TestRunner.privateRun(TestRunner.java:782)
	at org.testng.TestRunner.run(TestRunner.java:632)
	at org.testng.SuiteRunner.runTest(SuiteRunner.java:366)
	at org.testng.SuiteRunner.runSequentially(SuiteRunner.java:361)
	at org.testng.SuiteRunner.privateRun(SuiteRunner.java:319)
	at org.testng.SuiteRunner.run(SuiteRunner.java:268)
	at org.testng.SuiteRunnerWorker.runSuite(SuiteRunnerWorker.java:52)
	at org.testng.SuiteRunnerWorker.run(SuiteRunnerWorker.java:86)
	at org.testng.TestNG.runSuitesSequentially(TestNG.java:1244)
	at org.testng.TestNG.runSuitesLocally(TestNG.java:1169)
	at org.testng.TestNG.run(TestNG.java:1064)
	at org.testng.remote.AbstractRemoteTestNG.run(AbstractRemoteTestNG.java:114)
	at org.testng.remote.RemoteTestNG.initAndRun(RemoteTestNG.java:251)
	at org.testng.remote.RemoteTestNG.main(RemoteTestNG.java:77)
</div></td></tr></table><p class="totop"><a href="#summary">back to summary</a></p><h3 id="m2">aceCounterPlus.frontPage#beforeTest</h3><table class="result"><tr><th>Exception</th></tr><tr><td><div class="stacktrace">org.testng.TestNGException: 
Parameter &apos;browser&apos; is required by @Configuration on method beforeTest but has not been marked @Optional or defined
in C:\Users\최영권\AppData\Local\Temp\testng-eclipse-1674421675\testng-customsuite.xml
	at org.testng.internal.Parameters.createParameters(Parameters.java:154)
	at org.testng.internal.Parameters.createParameters(Parameters.java:361)
	at org.testng.internal.Parameters.createConfigurationParameters(Parameters.java:84)
	at org.testng.internal.Invoker.invokeConfigurations(Invoker.java:201)
	at org.testng.internal.Invoker.invokeConfigurations(Invoker.java:142)
	at org.testng.internal.TestMethodWorker.invokeBeforeClassMethods(TestMethodWorker.java:178)
	at org.testng.internal.TestMethodWorker.run(TestMethodWorker.java:108)
	at org.testng.TestRunner.privateRun(TestRunner.java:782)
	at org.testng.TestRunner.run(TestRunner.java:632)
	at org.testng.SuiteRunner.runTest(SuiteRunner.java:366)
	at org.testng.SuiteRunner.runSequentially(SuiteRunner.java:361)
	at org.testng.SuiteRunner.privateRun(SuiteRunner.java:319)
	at org.testng.SuiteRunner.run(SuiteRunner.java:268)
	at org.testng.SuiteRunnerWorker.runSuite(SuiteRunnerWorker.java:52)
	at org.testng.SuiteRunnerWorker.run(SuiteRunnerWorker.java:86)
	at org.testng.TestNG.runSuitesSequentially(TestNG.java:1244)
	at org.testng.TestNG.runSuitesLocally(TestNG.java:1169)
	at org.testng.TestNG.run(TestNG.java:1064)
	at org.testng.remote.AbstractRemoteTestNG.run(AbstractRemoteTestNG.java:114)
	at org.testng.remote.RemoteTestNG.initAndRun(RemoteTestNG.java:251)
	at org.testng.remote.RemoteTestNG.main(RemoteTestNG.java:77)
</div></td></tr></table><p class="totop"><a href="#summary">back to summary</a></p><h3 id="m3">aceCounterPlus.linkCheck#beforeTest</h3><table class="result"><tr><th>Exception</th></tr><tr><td><div class="stacktrace">org.testng.TestNGException: 
Parameter &apos;browser&apos; is required by @Configuration on method beforeTest but has not been marked @Optional or defined
in C:\Users\최영권\AppData\Local\Temp\testng-eclipse-1674421675\testng-customsuite.xml
	at org.testng.internal.Parameters.createParameters(Parameters.java:154)
	at org.testng.internal.Parameters.createParameters(Parameters.java:361)
	at org.testng.internal.Parameters.createConfigurationParameters(Parameters.java:84)
	at org.testng.internal.Invoker.invokeConfigurations(Invoker.java:201)
	at org.testng.internal.Invoker.invokeConfigurations(Invoker.java:142)
	at org.testng.internal.TestMethodWorker.invokeBeforeClassMethods(TestMethodWorker.java:178)
	at org.testng.internal.TestMethodWorker.run(TestMethodWorker.java:108)
	at org.testng.TestRunner.privateRun(TestRunner.java:782)
	at org.testng.TestRunner.run(TestRunner.java:632)
	at org.testng.SuiteRunner.runTest(SuiteRunner.java:366)
	at org.testng.SuiteRunner.runSequentially(SuiteRunner.java:361)
	at org.testng.SuiteRunner.privateRun(SuiteRunner.java:319)
	at org.testng.SuiteRunner.run(SuiteRunner.java:268)
	at org.testng.SuiteRunnerWorker.runSuite(SuiteRunnerWorker.java:52)
	at org.testng.SuiteRunnerWorker.run(SuiteRunnerWorker.java:86)
	at org.testng.TestNG.runSuitesSequentially(TestNG.java:1244)
	at org.testng.TestNG.runSuitesLocally(TestNG.java:1169)
	at org.testng.TestNG.run(TestNG.java:1064)
	at org.testng.remote.AbstractRemoteTestNG.run(AbstractRemoteTestNG.java:114)
	at org.testng.remote.RemoteTestNG.initAndRun(RemoteTestNG.java:251)
	at org.testng.remote.RemoteTestNG.main(RemoteTestNG.java:77)
</div></td></tr></table><p class="totop"><a href="#summary">back to summary</a></p><h3 id="m4">aceCounterPlus.signUp#beforeTest</h3><table class="result"><tr><th>Exception</th></tr><tr><td><div class="stacktrace">org.testng.TestNGException: 
Parameter &apos;browser&apos; is required by @Configuration on method beforeTest but has not been marked @Optional or defined
in C:\Users\최영권\AppData\Local\Temp\testng-eclipse-1674421675\testng-customsuite.xml
	at org.testng.internal.Parameters.createParameters(Parameters.java:154)
	at org.testng.internal.Parameters.createParameters(Parameters.java:361)
	at org.testng.internal.Parameters.createConfigurationParameters(Parameters.java:84)
	at org.testng.internal.Invoker.invokeConfigurations(Invoker.java:201)
	at org.testng.internal.Invoker.invokeConfigurations(Invoker.java:142)
	at org.testng.internal.TestMethodWorker.invokeBeforeClassMethods(TestMethodWorker.java:178)
	at org.testng.internal.TestMethodWorker.run(TestMethodWorker.java:108)
	at org.testng.TestRunner.privateRun(TestRunner.java:782)
	at org.testng.TestRunner.run(TestRunner.java:632)
	at org.testng.SuiteRunner.runTest(SuiteRunner.java:366)
	at org.testng.SuiteRunner.runSequentially(SuiteRunner.java:361)
	at org.testng.SuiteRunner.privateRun(SuiteRunner.java:319)
	at org.testng.SuiteRunner.run(SuiteRunner.java:268)
	at org.testng.SuiteRunnerWorker.runSuite(SuiteRunnerWorker.java:52)
	at org.testng.SuiteRunnerWorker.run(SuiteRunnerWorker.java:86)
	at org.testng.TestNG.runSuitesSequentially(TestNG.java:1244)
	at org.testng.TestNG.runSuitesLocally(TestNG.java:1169)
	at org.testng.TestNG.run(TestNG.java:1064)
	at org.testng.remote.AbstractRemoteTestNG.run(AbstractRemoteTestNG.java:114)
	at org.testng.remote.RemoteTestNG.initAndRun(RemoteTestNG.java:251)
	at org.testng.remote.RemoteTestNG.main(RemoteTestNG.java:77)
</div></td></tr></table><p class="totop"><a href="#summary">back to summary</a></p><h3 id="m5">aceCounterPlus.adminManage#afterTest</h3><table class="result"></table><p class="totop"><a href="#summary">back to summary</a></p><h3 id="m6">aceCounterPlus.backOffice#afterTest</h3><table class="result"></table><p class="totop"><a href="#summary">back to summary</a></p><h3 id="m7">aceCounterPlus.frontPage#afterTest</h3><table class="result"></table><p class="totop"><a href="#summary">back to summary</a></p><h3 id="m8">aceCounterPlus.linkCheck#afterTest</h3><table class="result"></table><p class="totop"><a href="#summary">back to summary</a></p><h3 id="m9">aceCounterPlus.signUp#afterTest</h3><table class="result"></table><p class="totop"><a href="#summary">back to summary</a></p><h3 id="m10">aceCounterPlus.adminManage#memoTest</h3><table class="result"></table><p class="totop"><a href="#summary">back to summary</a></p><h3 id="m11">aceCounterPlus.backOffice#comApply</h3><table class="result"></table><p class="totop"><a href="#summary">back to summary</a></p><h3 id="m12">aceCounterPlus.backOffice#comPayment</h3><table class="result"></table><p class="totop"><a href="#summary">back to summary</a></p><h3 id="m13">aceCounterPlus.backOffice#contents</h3><table class="result"></table><p class="totop"><a href="#summary">back to summary</a></p><h3 id="m14">aceCounterPlus.backOffice#login</h3><table class="result"></table><p class="totop"><a href="#summary">back to summary</a></p><h3 id="m15">aceCounterPlus.backOffice#monitoring</h3><table class="result"></table><p class="totop"><a href="#summary">back to summary</a></p><h3 id="m16">aceCounterPlus.backOffice#regCustomer</h3><table class="result"></table><p class="totop"><a href="#summary">back to summary</a></p><h3 id="m17">aceCounterPlus.backOffice#setting</h3><table class="result"></table><p class="totop"><a href="#summary">back to summary</a></p><h3 id="m18">aceCounterPlus.frontPage#login</h3><table class="result"></table><p class="totop"><a href="#summary">back to summary</a></p><h3 id="m19">aceCounterPlus.frontPage#product</h3><table class="result"></table><p class="totop"><a href="#summary">back to summary</a></p><h3 id="m20">aceCounterPlus.linkCheck#linkCheck</h3><table class="result"></table><p class="totop"><a href="#summary">back to summary</a></p><h3 id="m21">aceCounterPlus.linkCheck#login</h3><table class="result"></table><p class="totop"><a href="#summary">back to summary</a></p><h3 id="m22">aceCounterPlus.signUp#login</h3><table class="result"></table><p class="totop"><a href="#summary">back to summary</a></p></body></html>